<?xml version='1.0' encoding='UTF-8' ?>
<testsuites tests="10" failures="0" errors="0" skipped="0" time="25.344" timestamp="2026-07-15T16:18:13" hostname="localhost">
  <testsuite name="dev.anilbeesetti.nextplayer.feature.playlist.screens.detail.PlaylistDetailScreenTest" tests="8" failures="0" errors="0" skipped="0" time="16.005" timestamp="2026-07-15T16:18:13" hostname="localhost">
    <properties>
      <property name="device" value="nextplayer_playlist_qa_api37_final(AVD) - 17" />
      <property name="flavor" value="" />
      <property name="project" value=":feature:playlist" />
    </properties>
    <testcase name="moveInProgressRemovesTvReorderAffordances" classname="dev.anilbeesetti.nextplayer.feature.playlist.screens.detail.PlaylistDetailScreenTest" time="2.731" />
    <testcase name="refreshProgressKeepsLinkedItemsVisible" classname="dev.anilbeesetti.nextplayer.feature.playlist.screens.detail.PlaylistDetailScreenTest" time="1.617" />
    <testcase name="deleteRequiresConfirmationBeforeDispatchingAction" classname="dev.anilbeesetti.nextplayer.feature.playlist.screens.detail.PlaylistDetailScreenTest" time="2.902" />
    <testcase name="linkedPlaylistOffersRefreshWithoutReorderControls" classname="dev.anilbeesetti.nextplayer.feature.playlist.screens.detail.PlaylistDetailScreenTest" time="1.82" />
    <testcase name="editableTouchPlaylistShowsDragHandles" classname="dev.anilbeesetti.nextplayer.feature.playlist.screens.detail.PlaylistDetailScreenTest" time="2.004" />
    <testcase name="playAllDispatchesPlaybackAction" classname="dev.anilbeesetti.nextplayer.feature.playlist.screens.detail.PlaylistDetailScreenTest" time="1.952" />
    <testcase name="moveInProgressRemovesTouchReorderAffordances" classname="dev.anilbeesetti.nextplayer.feature.playlist.screens.detail.PlaylistDetailScreenTest" time="1.15" />
    <testcase name="editableTvPlaylistShowsFocusableEdgeAwareMoveButtons" classname="dev.anilbeesetti.nextplayer.feature.playlist.screens.detail.PlaylistDetailScreenTest" time="1.829" />
  </testsuite>
  <testsuite name="dev.anilbeesetti.nextplayer.feature.playlist.screens.list.PlaylistListScreenTest" tests="2" failures="0" errors="0" skipped="0" time="5.062" timestamp="2026-07-15T16:18:13" hostname="localhost">
    <properties>
      <property name="device" value="nextplayer_playlist_qa_api37_final(AVD) - 17" />
      <property name="flavor" value="" />
      <property name="project" value=":feature:playlist" />
    </properties>
    <testcase name="createPlaylistFabShowsAllThreeCreationChoices" classname="dev.anilbeesetti.nextplayer.feature.playlist.screens.list.PlaylistListScreenTest" time="1.77" />
    <testcase name="submittedNameConflictRemainsVisibleInCreationDialog" classname="dev.anilbeesetti.nextplayer.feature.playlist.screens.list.PlaylistListScreenTest" time="3.292" />
  </testsuite>
</testsuites>